<?xml version="1.0" encoding="UTF-8"?>
<!-- Generated by org.testng.reporters.JUnitReportReporter -->
<testsuite skipped="0" hostname="DESKTOP-5T03LQ5" name="com.XYZBank.testcase.Misc" tests="1" failures="0" timestamp="2022-09-29T19:00:06 IST" time="4.165" errors="0">
  <testcase name="bank" time="4.165" classname="com.XYZBank.testcase.Misc"/>
  <system-out/>
</testsuite> <!-- com.XYZBank.testcase.Misc -->
