<?xml version="1.0" encoding="UTF-8"?>
<!-- Generated by org.testng.reporters.JUnitReportReporter -->
<testsuite skipped="0" hostname="DESKTOP-5T03LQ5" name="com.XYZBank.testcase.HomePageTest" tests="1" failures="0" timestamp="2022-10-14T20:23:11 IST" time="89.353" errors="0">
  <testcase name="bank" time="89.353" classname="com.XYZBank.testcase.HomePageTest"/>
  <system-out/>
</testsuite> <!-- com.XYZBank.testcase.HomePageTest -->
