<?xml version="1.0" encoding="UTF-8"?>
<!-- Generated by org.testng.reporters.JUnitReportReporter -->
<testsuite skipped="0" hostname="DESKTOP-5T03LQ5" name="com.XYZBank.testcase.TestClass" tests="1" failures="0" timestamp="2022-09-28T20:31:02 IST" time="0.019" errors="0">
  <testcase name="check" time="0.019" classname="com.XYZBank.testcase.TestClass"/>
  <system-out/>
</testsuite> <!-- com.XYZBank.testcase.TestClass -->
