<?xml version="1.0" encoding="UTF-8"?>
<!-- Generated by org.testng.reporters.JUnitReportReporter -->
<testsuite skipped="0" hostname="DESKTOP-5T03LQ5" name="com.XYZBank.testcase.BankManagerPageTest" tests="2" failures="0" timestamp="2022-10-10T20:08:07 IST" time="57.811" errors="0">
  <testcase name="addACustomer" time="19.268" classname="com.XYZBank.testcase.BankManagerPageTest"/>
  <system-out/>
  <testcase name="addACustomer" time="38.543" classname="com.XYZBank.testcase.BankManagerPageTest"/>
  <system-out/>
</testsuite> <!-- com.XYZBank.testcase.BankManagerPageTest -->
